[23:56:54] [main/INFO]: No arguments specified, assuming client.
[23:56:54] [main/INFO]: Extra: []
[23:56:54] [main/INFO]: Running with arguments: [--userProperties, {}, --username, ForgeDevName, --tweakClass, cpw.mods.fml.common.launcher.FMLTweaker, --accessToken, {REDACTED}, --assetIndex, 1.7.10, --assetsDir, /home/garrett/.gradle/caches/minecraft/assets, --version, 1.7.10]
[23:56:55] [main/INFO]: Loading tweak class name cpw.mods.fml.common.launcher.FMLTweaker
[23:56:55] [main/INFO]: Using primary tweak class name cpw.mods.fml.common.launcher.FMLTweaker
[23:56:55] [main/INFO]: Calling tweak class cpw.mods.fml.common.launcher.FMLTweaker
[23:56:56] [main/INFO]: Forge Mod Loader version 7.10.1.1160 for Minecraft 1.7.10 loading
[23:56:56] [main/INFO]: Java is OpenJDK 64-Bit Server VM, version 1.7.0_55, running on Linux:amd64:3.13.0-24-generic, installed at /usr/lib/jvm/java-7-openjdk-amd64/jre
[23:56:56] [main/INFO]: Managed to load a deobfuscated Minecraft name- we are in a deobfuscated environment. Skipping runtime deobfuscation
[23:56:56] [main/INFO]: Loading tweak class name cpw.mods.fml.common.launcher.FMLInjectionAndSortingTweaker
[23:56:56] [main/INFO]: Loading tweak class name cpw.mods.fml.common.launcher.FMLDeobfTweaker
[23:56:56] [main/INFO]: Calling tweak class cpw.mods.fml.common.launcher.FMLInjectionAndSortingTweaker
[23:56:56] [main/INFO]: Calling tweak class cpw.mods.fml.common.launcher.FMLInjectionAndSortingTweaker
[23:56:56] [main/INFO]: Calling tweak class cpw.mods.fml.relauncher.CoreModManager$FMLPluginWrapper
[23:56:56] [main/ERROR]: The binary patch set is missing. Either you are in a development environment, or things are not going to work!
[23:57:00] [main/ERROR]: The minecraft jar file:/home/garrett/.gradle/caches/minecraft/net/minecraftforge/forge/1.7.10-10.13.0.1160/forgeSrc-1.7.10-10.13.0.1160.jar!/net/minecraft/client/ClientBrandRetriever.class appears to be corrupt! There has been CRITICAL TAMPERING WITH MINECRAFT, it is highly unlikely minecraft will work! STOP NOW, get a clean copy and try again!
[23:57:00] [main/ERROR]: FML has been ordered to ignore the invalid or missing minecraft certificate. This is very likely to cause a problem!
[23:57:00] [main/ERROR]: Technical information: ClientBrandRetriever was at jar:file:/home/garrett/.gradle/caches/minecraft/net/minecraftforge/forge/1.7.10-10.13.0.1160/forgeSrc-1.7.10-10.13.0.1160.jar!/net/minecraft/client/ClientBrandRetriever.class, there were 0 certificates for it
[23:57:00] [main/ERROR]: FML appears to be missing any signature data. This is not a good thing
[23:57:00] [main/INFO]: Calling tweak class cpw.mods.fml.relauncher.CoreModManager$FMLPluginWrapper
[23:57:00] [main/INFO]: Calling tweak class cpw.mods.fml.common.launcher.FMLDeobfTweaker
[23:57:03] [main/INFO]: Launching wrapped minecraft {net.minecraft.client.main.Main}
[23:57:10] [main/INFO]: Setting user: ForgeDevName
[23:57:16] [Client thread/INFO]: LWJGL Version: 2.9.1
[23:57:17] [Client thread/ERROR]: Couldn't initialize twitch stream
[23:57:18] [Client thread/INFO]: Attempting early MinecraftForge initialization
[23:57:18] [Client thread/INFO]: MinecraftForge v10.13.0.1160 Initialized
[23:57:18] [Client thread/INFO]: Replaced 182 ore recipies
[23:57:18] [Client thread/INFO]: Completed early MinecraftForge initialization
[23:57:19] [Client thread/INFO]: Searching /home/garrett/projects/csmods/LetsModReboot/eclipse/mods for mods
[23:57:36] [Client thread/WARN]: Zip file rt.jar failed to read properly, it will be ignored
java.lang.NullPointerException
	at cpw.mods.fml.common.discovery.asm.ASMModParser.isBaseMod(ASMModParser.java:130) ~[ASMModParser.class:?]
	at cpw.mods.fml.common.ModContainerFactory.build(ModContainerFactory.java:34) ~[ModContainerFactory.class:?]
	at cpw.mods.fml.common.discovery.JarDiscoverer.discover(JarDiscoverer.java:83) [JarDiscoverer.class:?]
	at cpw.mods.fml.common.discovery.ContainerType.findMods(ContainerType.java:42) [ContainerType.class:?]
	at cpw.mods.fml.common.discovery.ModCandidate.explore(ModCandidate.java:71) [ModCandidate.class:?]
	at cpw.mods.fml.common.discovery.ModDiscoverer.identifyMods(ModDiscoverer.java:123) [ModDiscoverer.class:?]
	at cpw.mods.fml.common.Loader.identifyMods(Loader.java:347) [Loader.class:?]
	at cpw.mods.fml.common.Loader.loadMods(Loader.java:468) [Loader.class:?]
	at cpw.mods.fml.client.FMLClientHandler.beginMinecraftLoading(FMLClientHandler.java:204) [FMLClientHandler.class:?]
	at net.minecraft.client.Minecraft.startGame(Minecraft.java:532) [Minecraft.class:?]
	at net.minecraft.client.Minecraft.run(Minecraft.java:941) [Minecraft.class:?]
	at net.minecraft.client.main.Main.main(Main.java:164) [Main.class:?]
	at sun.reflect.NativeMethodAccessorImpl.invoke0(Native Method) ~[?:1.7.0_55]
	at sun.reflect.NativeMethodAccessorImpl.invoke(NativeMethodAccessorImpl.java:57) ~[?:1.7.0_55]
	at sun.reflect.DelegatingMethodAccessorImpl.invoke(DelegatingMethodAccessorImpl.java:43) ~[?:1.7.0_55]
	at java.lang.reflect.Method.invoke(Method.java:606) ~[?:1.7.0_55]
	at net.minecraft.launchwrapper.Launch.launch(Launch.java:134) [launchwrapper-1.9.jar:?]
	at net.minecraft.launchwrapper.Launch.main(Launch.java:28) [launchwrapper-1.9.jar:?]
	at sun.reflect.NativeMethodAccessorImpl.invoke0(Native Method) ~[?:1.7.0_55]
	at sun.reflect.NativeMethodAccessorImpl.invoke(NativeMethodAccessorImpl.java:57) ~[?:1.7.0_55]
	at sun.reflect.DelegatingMethodAccessorImpl.invoke(DelegatingMethodAccessorImpl.java:43) ~[?:1.7.0_55]
	at java.lang.reflect.Method.invoke(Method.java:606) ~[?:1.7.0_55]
	at GradleStart.bounce(GradleStart.java:108) [start/:?]
	at GradleStart.startClient(GradleStart.java:101) [start/:?]
	at GradleStart.main(GradleStart.java:56) [start/:?]
	at sun.reflect.NativeMethodAccessorImpl.invoke0(Native Method) ~[?:1.7.0_55]
	at sun.reflect.NativeMethodAccessorImpl.invoke(NativeMethodAccessorImpl.java:57) ~[?:1.7.0_55]
	at sun.reflect.DelegatingMethodAccessorImpl.invoke(DelegatingMethodAccessorImpl.java:43) ~[?:1.7.0_55]
	at java.lang.reflect.Method.invoke(Method.java:606) ~[?:1.7.0_55]
	at com.intellij.rt.execution.application.AppMain.main(AppMain.java:134) [idea_rt.jar:?]
[23:57:44] [Client thread/ERROR]: FML has detected a mod that is using a package name based on 'net.minecraft.src' : net.minecraft.src.FMLRenderAccessLibrary. This is generally a severe programming error.  There should be no mod code in the minecraft namespace. MOVE YOUR MOD! If you're in eclipse, select your source code and 'refactor' it into a new package. Go on. DO IT NOW!
[23:57:46] [Client thread/INFO]: Forge Mod Loader has identified 4 mods to load
[23:57:48] [Client thread/INFO]: Reloading ResourceManager: Default, FMLFileResourcePack:Forge Mod Loader, FMLFileResourcePack:Minecraft Forge, FMLFileResourcePack:Let's Mod Reboot
[23:57:48] [Client thread/INFO]: Processing ObjectHolder annotations
[23:57:49] [Client thread/INFO]: Found 341 ObjectHolder annotations
[23:57:49] [Client thread/INFO]: Configured a dormant chunk cache size of 0
[23:57:49] [Client thread/ERROR]: An exception occurred while loading config file LetsModReboot.cfg. This file will be renamed to LetsModReboot.cfg_20140808_235749.errored and a new config file will be generated.
[23:57:49] [Client thread/INFO]: Applying holder lookups
[23:57:49] [Client thread/INFO]: Holder lookups applied
[23:57:51] [Sound Library Loader/INFO]: Sound engine started
[23:57:56] [Client thread/INFO]: Created: 512x256 textures/blocks-atlas
[23:57:57] [Client thread/INFO]: Created: 256x256 textures/items-atlas
[23:57:57] [Client thread/INFO]: Forge Mod Loader has successfully loaded 4 mods
[23:57:57] [Client thread/INFO]: Reloading ResourceManager: Default, FMLFileResourcePack:Forge Mod Loader, FMLFileResourcePack:Minecraft Forge, FMLFileResourcePack:Let's Mod Reboot
[23:57:58] [Client thread/INFO]: Created: 256x256 textures/items-atlas
[23:57:59] [Client thread/INFO]: Created: 512x256 textures/blocks-atlas
[23:58:00] [Sound Library Loader/INFO]: Sound engine started
[23:58:49] [Client thread/INFO]: Connecting to cs1.cestaberous.cu.cc, 25565
[23:59:01] [Client thread/INFO]: Stopping!
